<?xml version="1.0" encoding="UTF-8"?>
<testsuite xmlns:xsi="http://www.w3.org/2001/XMLSchema-instance" xsi:noNamespaceSchemaLocation="https://maven.apache.org/surefire/maven-surefire-plugin/xsd/surefire-test-report.xsd" name="com.example.BasicApplicationTests" time="3.102" tests="1" errors="0" skipped="0" failures="0">
  <properties>
    <property name="awt.toolkit" value="sun.awt.X11.XToolkit"/>
    <property name="java.specification.version" value="11"/>
    <property name="sun.cpu.isalist" value=""/>
    <property name="sun.jnu.encoding" value="UTF-8"/>
    <property name="java.class.path" value="/home/daviestobialex/Documents/activeedge /gateway-ms/target/test-classes:/home/daviestobialex/Documents/activeedge /gateway-ms/target/classes:/home/daviestobialex/.m2/repository/org/springframework/boot/spring-boot-starter-validation/2.4.13/spring-boot-starter-validation-2.4.13.jar:/home/daviestobialex/.m2/repository/org/springframework/boot/spring-boot-starter/2.4.13/spring-boot-starter-2.4.13.jar:/home/daviestobialex/.m2/repository/org/springframework/boot/spring-boot/2.4.13/spring-boot-2.4.13.jar:/home/daviestobialex/.m2/repository/org/springframework/boot/spring-boot-autoconfigure/2.4.13/spring-boot-autoconfigure-2.4.13.jar:/home/daviestobialex/.m2/repository/org/springframework/boot/spring-boot-starter-logging/2.4.13/spring-boot-starter-logging-2.4.13.jar:/home/daviestobialex/.m2/repository/ch/qos/logback/logback-classic/1.2.7/logback-classic-1.2.7.jar:/home/daviestobialex/.m2/repository/ch/qos/logback/logback-core/1.2.7/logback-core-1.2.7.jar:/home/daviestobialex/.m2/repository/org/apache/logging/log4j/log4j-to-slf4j/2.13.3/log4j-to-slf4j-2.13.3.jar:/home/daviestobialex/.m2/repository/org/apache/logging/log4j/log4j-api/2.13.3/log4j-api-2.13.3.jar:/home/daviestobialex/.m2/repository/org/slf4j/jul-to-slf4j/1.7.32/jul-to-slf4j-1.7.32.jar:/home/daviestobialex/.m2/repository/jakarta/annotation/jakarta.annotation-api/1.3.5/jakarta.annotation-api-1.3.5.jar:/home/daviestobialex/.m2/repository/org/yaml/snakeyaml/1.27/snakeyaml-1.27.jar:/home/daviestobialex/.m2/repository/org/glassfish/jakarta.el/3.0.4/jakarta.el-3.0.4.jar:/home/daviestobialex/.m2/repository/org/hibernate/validator/hibernate-validator/6.1.7.Final/hibernate-validator-6.1.7.Final.jar:/home/daviestobialex/.m2/repository/jakarta/validation/jakarta.validation-api/2.0.2/jakarta.validation-api-2.0.2.jar:/home/daviestobialex/.m2/repository/org/jboss/logging/jboss-logging/3.4.2.Final/jboss-logging-3.4.2.Final.jar:/home/daviestobialex/.m2/repository/io/springfox/springfox-swagger2/3.0.0/springfox-swagger2-3.0.0.jar:/home/daviestobialex/.m2/repository/io/springfox/springfox-spi/3.0.0/springfox-spi-3.0.0.jar:/home/daviestobialex/.m2/repository/io/springfox/springfox-core/3.0.0/springfox-core-3.0.0.jar:/home/daviestobialex/.m2/repository/io/springfox/springfox-schema/3.0.0/springfox-schema-3.0.0.jar:/home/daviestobialex/.m2/repository/io/springfox/springfox-swagger-common/3.0.0/springfox-swagger-common-3.0.0.jar:/home/daviestobialex/.m2/repository/io/swagger/core/v3/swagger-annotations/2.1.2/swagger-annotations-2.1.2.jar:/home/daviestobialex/.m2/repository/io/springfox/springfox-spring-web/3.0.0/springfox-spring-web-3.0.0.jar:/home/daviestobialex/.m2/repository/io/github/classgraph/classgraph/4.8.83/classgraph-4.8.83.jar:/home/daviestobialex/.m2/repository/io/springfox/springfox-spring-webmvc/3.0.0/springfox-spring-webmvc-3.0.0.jar:/home/daviestobialex/.m2/repository/io/springfox/springfox-spring-webflux/3.0.0/springfox-spring-webflux-3.0.0.jar:/home/daviestobialex/.m2/repository/com/fasterxml/classmate/1.5.1/classmate-1.5.1.jar:/home/daviestobialex/.m2/repository/org/slf4j/slf4j-api/1.7.32/slf4j-api-1.7.32.jar:/home/daviestobialex/.m2/repository/org/springframework/plugin/spring-plugin-core/2.0.0.RELEASE/spring-plugin-core-2.0.0.RELEASE.jar:/home/daviestobialex/.m2/repository/org/springframework/spring-beans/5.3.13/spring-beans-5.3.13.jar:/home/daviestobialex/.m2/repository/org/springframework/spring-context/5.3.13/spring-context-5.3.13.jar:/home/daviestobialex/.m2/repository/org/springframework/spring-expression/5.3.13/spring-expression-5.3.13.jar:/home/daviestobialex/.m2/repository/org/springframework/spring-aop/5.3.13/spring-aop-5.3.13.jar:/home/daviestobialex/.m2/repository/org/springframework/plugin/spring-plugin-metadata/2.0.0.RELEASE/spring-plugin-metadata-2.0.0.RELEASE.jar:/home/daviestobialex/.m2/repository/io/swagger/swagger-annotations/1.5.20/swagger-annotations-1.5.20.jar:/home/daviestobialex/.m2/repository/io/swagger/swagger-models/1.5.20/swagger-models-1.5.20.jar:/home/daviestobialex/.m2/repository/com/fasterxml/jackson/core/jackson-annotations/2.11.4/jackson-annotations-2.11.4.jar:/home/daviestobialex/.m2/repository/org/mapstruct/mapstruct/1.3.1.Final/mapstruct-1.3.1.Final.jar:/home/daviestobialex/.m2/repository/io/springfox/springfox-swagger-ui/2.10.0/springfox-swagger-ui-2.10.0.jar:/home/daviestobialex/.m2/repository/io/springfox/springfox-bean-validators/2.10.0/springfox-bean-validators-2.10.0.jar:/home/daviestobialex/.m2/repository/org/springframework/cloud/spring-cloud-starter-gateway/3.0.0-RC1/spring-cloud-starter-gateway-3.0.0-RC1.jar:/home/daviestobialex/.m2/repository/org/springframework/cloud/spring-cloud-starter/3.0.0-RC1/spring-cloud-starter-3.0.0-RC1.jar:/home/daviestobialex/.m2/repository/org/springframework/cloud/spring-cloud-context/3.0.0-RC1/spring-cloud-context-3.0.0-RC1.jar:/home/daviestobialex/.m2/repository/org/springframework/security/spring-security-crypto/5.4.9/spring-security-crypto-5.4.9.jar:/home/daviestobialex/.m2/repository/org/springframework/cloud/spring-cloud-commons/3.0.0-RC1/spring-cloud-commons-3.0.0-RC1.jar:/home/daviestobialex/.m2/repository/org/springframework/security/spring-security-rsa/1.0.9.RELEASE/spring-security-rsa-1.0.9.RELEASE.jar:/home/daviestobialex/.m2/repository/org/bouncycastle/bcpkix-jdk15on/1.64/bcpkix-jdk15on-1.64.jar:/home/daviestobialex/.m2/repository/org/bouncycastle/bcprov-jdk15on/1.64/bcprov-jdk15on-1.64.jar:/home/daviestobialex/.m2/repository/org/springframework/cloud/spring-cloud-gateway-server/3.0.0-RC1/spring-cloud-gateway-server-3.0.0-RC1.jar:/home/daviestobialex/.m2/repository/io/projectreactor/addons/reactor-extra/3.4.5/reactor-extra-3.4.5.jar:/home/daviestobialex/.m2/repository/org/springframework/boot/spring-boot-configuration-processor/2.4.13/spring-boot-configuration-processor-2.4.13.jar:/home/daviestobialex/.m2/repository/org/springframework/boot/spring-boot-starter-webflux/2.4.13/spring-boot-starter-webflux-2.4.13.jar:/home/daviestobialex/.m2/repository/org/springframework/boot/spring-boot-starter-json/2.4.13/spring-boot-starter-json-2.4.13.jar:/home/daviestobialex/.m2/repository/com/fasterxml/jackson/core/jackson-databind/2.11.4/jackson-databind-2.11.4.jar:/home/daviestobialex/.m2/repository/com/fasterxml/jackson/core/jackson-core/2.11.4/jackson-core-2.11.4.jar:/home/daviestobialex/.m2/repository/com/fasterxml/jackson/datatype/jackson-datatype-jdk8/2.11.4/jackson-datatype-jdk8-2.11.4.jar:/home/daviestobialex/.m2/repository/com/fasterxml/jackson/datatype/jackson-datatype-jsr310/2.11.4/jackson-datatype-jsr310-2.11.4.jar:/home/daviestobialex/.m2/repository/com/fasterxml/jackson/module/jackson-module-parameter-names/2.11.4/jackson-module-parameter-names-2.11.4.jar:/home/daviestobialex/.m2/repository/org/springframework/boot/spring-boot-starter-reactor-netty/2.4.13/spring-boot-starter-reactor-netty-2.4.13.jar:/home/daviestobialex/.m2/repository/io/projectreactor/netty/reactor-netty-http/1.0.13/reactor-netty-http-1.0.13.jar:/home/daviestobialex/.m2/repository/io/netty/netty-codec-http/4.1.70.Final/netty-codec-http-4.1.70.Final.jar:/home/daviestobialex/.m2/repository/io/netty/netty-common/4.1.70.Final/netty-common-4.1.70.Final.jar:/home/daviestobialex/.m2/repository/io/netty/netty-buffer/4.1.70.Final/netty-buffer-4.1.70.Final.jar:/home/daviestobialex/.m2/repository/io/netty/netty-transport/4.1.70.Final/netty-transport-4.1.70.Final.jar:/home/daviestobialex/.m2/repository/io/netty/netty-codec/4.1.70.Final/netty-codec-4.1.70.Final.jar:/home/daviestobialex/.m2/repository/io/netty/netty-handler/4.1.70.Final/netty-handler-4.1.70.Final.jar:/home/daviestobialex/.m2/repository/io/netty/netty-codec-http2/4.1.70.Final/netty-codec-http2-4.1.70.Final.jar:/home/daviestobialex/.m2/repository/io/netty/netty-resolver-dns/4.1.70.Final/netty-resolver-dns-4.1.70.Final.jar:/home/daviestobialex/.m2/repository/io/netty/netty-resolver/4.1.70.Final/netty-resolver-4.1.70.Final.jar:/home/daviestobialex/.m2/repository/io/netty/netty-codec-dns/4.1.70.Final/netty-codec-dns-4.1.70.Final.jar:/home/daviestobialex/.m2/repository/io/netty/netty-resolver-dns-native-macos/4.1.70.Final/netty-resolver-dns-native-macos-4.1.70.Final-osx-x86_64.jar:/home/daviestobialex/.m2/repository/io/netty/netty-resolver-dns-classes-macos/4.1.70.Final/netty-resolver-dns-classes-macos-4.1.70.Final.jar:/home/daviestobialex/.m2/repository/io/netty/netty-transport-native-epoll/4.1.70.Final/netty-transport-native-epoll-4.1.70.Final-linux-x86_64.jar:/home/daviestobialex/.m2/repository/io/netty/netty-transport-native-unix-common/4.1.70.Final/netty-transport-native-unix-common-4.1.70.Final.jar:/home/daviestobialex/.m2/repository/io/netty/netty-transport-classes-epoll/4.1.70.Final/netty-transport-classes-epoll-4.1.70.Final.jar:/home/daviestobialex/.m2/repository/io/projectreactor/netty/reactor-netty-core/1.0.13/reactor-netty-core-1.0.13.jar:/home/daviestobialex/.m2/repository/io/netty/netty-handler-proxy/4.1.70.Final/netty-handler-proxy-4.1.70.Final.jar:/home/daviestobialex/.m2/repository/io/netty/netty-codec-socks/4.1.70.Final/netty-codec-socks-4.1.70.Final.jar:/home/daviestobialex/.m2/repository/org/springframework/spring-web/5.3.13/spring-web-5.3.13.jar:/home/daviestobialex/.m2/repository/org/springframework/spring-webflux/5.3.13/spring-webflux-5.3.13.jar:/home/daviestobialex/.m2/repository/io/projectreactor/reactor-core/3.4.12/reactor-core-3.4.12.jar:/home/daviestobialex/.m2/repository/org/reactivestreams/reactive-streams/1.0.3/reactive-streams-1.0.3.jar:/home/daviestobialex/.m2/repository/org/springframework/boot/spring-boot-starter-test/2.4.13/spring-boot-starter-test-2.4.13.jar:/home/daviestobialex/.m2/repository/org/springframework/boot/spring-boot-test/2.4.13/spring-boot-test-2.4.13.jar:/home/daviestobialex/.m2/repository/org/springframework/boot/spring-boot-test-autoconfigure/2.4.13/spring-boot-test-autoconfigure-2.4.13.jar:/home/daviestobialex/.m2/repository/com/jayway/jsonpath/json-path/2.4.0/json-path-2.4.0.jar:/home/daviestobialex/.m2/repository/net/minidev/json-smart/2.3.1/json-smart-2.3.1.jar:/home/daviestobialex/.m2/repository/net/minidev/accessors-smart/2.3.1/accessors-smart-2.3.1.jar:/home/daviestobialex/.m2/repository/org/ow2/asm/asm/5.0.4/asm-5.0.4.jar:/home/daviestobialex/.m2/repository/jakarta/xml/bind/jakarta.xml.bind-api/2.3.3/jakarta.xml.bind-api-2.3.3.jar:/home/daviestobialex/.m2/repository/jakarta/activation/jakarta.activation-api/1.2.2/jakarta.activation-api-1.2.2.jar:/home/daviestobialex/.m2/repository/org/assertj/assertj-core/3.18.1/assertj-core-3.18.1.jar:/home/daviestobialex/.m2/repository/org/hamcrest/hamcrest/2.2/hamcrest-2.2.jar:/home/daviestobialex/.m2/repository/org/junit/jupiter/junit-jupiter/5.7.2/junit-jupiter-5.7.2.jar:/home/daviestobialex/.m2/repository/org/junit/jupiter/junit-jupiter-api/5.7.2/junit-jupiter-api-5.7.2.jar:/home/daviestobialex/.m2/repository/org/apiguardian/apiguardian-api/1.1.0/apiguardian-api-1.1.0.jar:/home/daviestobialex/.m2/repository/org/opentest4j/opentest4j/1.2.0/opentest4j-1.2.0.jar:/home/daviestobialex/.m2/repository/org/junit/platform/junit-platform-commons/1.7.2/junit-platform-commons-1.7.2.jar:/home/daviestobialex/.m2/repository/org/junit/jupiter/junit-jupiter-params/5.7.2/junit-jupiter-params-5.7.2.jar:/home/daviestobialex/.m2/repository/org/junit/jupiter/junit-jupiter-engine/5.7.2/junit-jupiter-engine-5.7.2.jar:/home/daviestobialex/.m2/repository/org/junit/platform/junit-platform-engine/1.7.2/junit-platform-engine-1.7.2.jar:/home/daviestobialex/.m2/repository/org/mockito/mockito-core/3.6.28/mockito-core-3.6.28.jar:/home/daviestobialex/.m2/repository/net/bytebuddy/byte-buddy/1.10.22/byte-buddy-1.10.22.jar:/home/daviestobialex/.m2/repository/net/bytebuddy/byte-buddy-agent/1.10.22/byte-buddy-agent-1.10.22.jar:/home/daviestobialex/.m2/repository/org/objenesis/objenesis/3.1/objenesis-3.1.jar:/home/daviestobialex/.m2/repository/org/mockito/mockito-junit-jupiter/3.6.28/mockito-junit-jupiter-3.6.28.jar:/home/daviestobialex/.m2/repository/org/skyscreamer/jsonassert/1.5.0/jsonassert-1.5.0.jar:/home/daviestobialex/.m2/repository/com/vaadin/external/google/android-json/0.0.20131108.vaadin1/android-json-0.0.20131108.vaadin1.jar:/home/daviestobialex/.m2/repository/org/springframework/spring-core/5.3.13/spring-core-5.3.13.jar:/home/daviestobialex/.m2/repository/org/springframework/spring-jcl/5.3.13/spring-jcl-5.3.13.jar:/home/daviestobialex/.m2/repository/org/springframework/spring-test/5.3.13/spring-test-5.3.13.jar:/home/daviestobialex/.m2/repository/org/xmlunit/xmlunit-core/2.7.0/xmlunit-core-2.7.0.jar:"/>
    <property name="java.vm.vendor" value="Oracle Corporation"/>
    <property name="sun.arch.data.model" value="64"/>
    <property name="java.vendor.url" value="https://openjdk.java.net/"/>
    <property name="user.timezone" value=""/>
    <property name="java.vm.specification.version" value="11"/>
    <property name="os.name" value="Linux"/>
    <property name="user.country" value="NG"/>
    <property name="sun.java.launcher" value="SUN_STANDARD"/>
    <property name="sun.boot.library.path" value="/usr/lib/jvm/jdk-11.0.8/lib"/>
    <property name="sun.java.command" value="/home/daviestobialex/Documents/activeedge /gateway-ms/target/surefire/surefirebooter1634180850514442328.jar /home/daviestobialex/Documents/activeedge /gateway-ms/target/surefire 2022-03-22T18-27-40_927-jvmRun1 surefire6450927327551494659tmp surefire_04874982884652789464tmp"/>
    <property name="jdk.debug" value="release"/>
    <property name="surefire.test.class.path" value="/home/daviestobialex/Documents/activeedge /gateway-ms/target/test-classes:/home/daviestobialex/Documents/activeedge /gateway-ms/target/classes:/home/daviestobialex/.m2/repository/org/springframework/boot/spring-boot-starter-validation/2.4.13/spring-boot-starter-validation-2.4.13.jar:/home/daviestobialex/.m2/repository/org/springframework/boot/spring-boot-starter/2.4.13/spring-boot-starter-2.4.13.jar:/home/daviestobialex/.m2/repository/org/springframework/boot/spring-boot/2.4.13/spring-boot-2.4.13.jar:/home/daviestobialex/.m2/repository/org/springframework/boot/spring-boot-autoconfigure/2.4.13/spring-boot-autoconfigure-2.4.13.jar:/home/daviestobialex/.m2/repository/org/springframework/boot/spring-boot-starter-logging/2.4.13/spring-boot-starter-logging-2.4.13.jar:/home/daviestobialex/.m2/repository/ch/qos/logback/logback-classic/1.2.7/logback-classic-1.2.7.jar:/home/daviestobialex/.m2/repository/ch/qos/logback/logback-core/1.2.7/logback-core-1.2.7.jar:/home/daviestobialex/.m2/repository/org/apache/logging/log4j/log4j-to-slf4j/2.13.3/log4j-to-slf4j-2.13.3.jar:/home/daviestobialex/.m2/repository/org/apache/logging/log4j/log4j-api/2.13.3/log4j-api-2.13.3.jar:/home/daviestobialex/.m2/repository/org/slf4j/jul-to-slf4j/1.7.32/jul-to-slf4j-1.7.32.jar:/home/daviestobialex/.m2/repository/jakarta/annotation/jakarta.annotation-api/1.3.5/jakarta.annotation-api-1.3.5.jar:/home/daviestobialex/.m2/repository/org/yaml/snakeyaml/1.27/snakeyaml-1.27.jar:/home/daviestobialex/.m2/repository/org/glassfish/jakarta.el/3.0.4/jakarta.el-3.0.4.jar:/home/daviestobialex/.m2/repository/org/hibernate/validator/hibernate-validator/6.1.7.Final/hibernate-validator-6.1.7.Final.jar:/home/daviestobialex/.m2/repository/jakarta/validation/jakarta.validation-api/2.0.2/jakarta.validation-api-2.0.2.jar:/home/daviestobialex/.m2/repository/org/jboss/logging/jboss-logging/3.4.2.Final/jboss-logging-3.4.2.Final.jar:/home/daviestobialex/.m2/repository/io/springfox/springfox-swagger2/3.0.0/springfox-swagger2-3.0.0.jar:/home/daviestobialex/.m2/repository/io/springfox/springfox-spi/3.0.0/springfox-spi-3.0.0.jar:/home/daviestobialex/.m2/repository/io/springfox/springfox-core/3.0.0/springfox-core-3.0.0.jar:/home/daviestobialex/.m2/repository/io/springfox/springfox-schema/3.0.0/springfox-schema-3.0.0.jar:/home/daviestobialex/.m2/repository/io/springfox/springfox-swagger-common/3.0.0/springfox-swagger-common-3.0.0.jar:/home/daviestobialex/.m2/repository/io/swagger/core/v3/swagger-annotations/2.1.2/swagger-annotations-2.1.2.jar:/home/daviestobialex/.m2/repository/io/springfox/springfox-spring-web/3.0.0/springfox-spring-web-3.0.0.jar:/home/daviestobialex/.m2/repository/io/github/classgraph/classgraph/4.8.83/classgraph-4.8.83.jar:/home/daviestobialex/.m2/repository/io/springfox/springfox-spring-webmvc/3.0.0/springfox-spring-webmvc-3.0.0.jar:/home/daviestobialex/.m2/repository/io/springfox/springfox-spring-webflux/3.0.0/springfox-spring-webflux-3.0.0.jar:/home/daviestobialex/.m2/repository/com/fasterxml/classmate/1.5.1/classmate-1.5.1.jar:/home/daviestobialex/.m2/repository/org/slf4j/slf4j-api/1.7.32/slf4j-api-1.7.32.jar:/home/daviestobialex/.m2/repository/org/springframework/plugin/spring-plugin-core/2.0.0.RELEASE/spring-plugin-core-2.0.0.RELEASE.jar:/home/daviestobialex/.m2/repository/org/springframework/spring-beans/5.3.13/spring-beans-5.3.13.jar:/home/daviestobialex/.m2/repository/org/springframework/spring-context/5.3.13/spring-context-5.3.13.jar:/home/daviestobialex/.m2/repository/org/springframework/spring-expression/5.3.13/spring-expression-5.3.13.jar:/home/daviestobialex/.m2/repository/org/springframework/spring-aop/5.3.13/spring-aop-5.3.13.jar:/home/daviestobialex/.m2/repository/org/springframework/plugin/spring-plugin-metadata/2.0.0.RELEASE/spring-plugin-metadata-2.0.0.RELEASE.jar:/home/daviestobialex/.m2/repository/io/swagger/swagger-annotations/1.5.20/swagger-annotations-1.5.20.jar:/home/daviestobialex/.m2/repository/io/swagger/swagger-models/1.5.20/swagger-models-1.5.20.jar:/home/daviestobialex/.m2/repository/com/fasterxml/jackson/core/jackson-annotations/2.11.4/jackson-annotations-2.11.4.jar:/home/daviestobialex/.m2/repository/org/mapstruct/mapstruct/1.3.1.Final/mapstruct-1.3.1.Final.jar:/home/daviestobialex/.m2/repository/io/springfox/springfox-swagger-ui/2.10.0/springfox-swagger-ui-2.10.0.jar:/home/daviestobialex/.m2/repository/io/springfox/springfox-bean-validators/2.10.0/springfox-bean-validators-2.10.0.jar:/home/daviestobialex/.m2/repository/org/springframework/cloud/spring-cloud-starter-gateway/3.0.0-RC1/spring-cloud-starter-gateway-3.0.0-RC1.jar:/home/daviestobialex/.m2/repository/org/springframework/cloud/spring-cloud-starter/3.0.0-RC1/spring-cloud-starter-3.0.0-RC1.jar:/home/daviestobialex/.m2/repository/org/springframework/cloud/spring-cloud-context/3.0.0-RC1/spring-cloud-context-3.0.0-RC1.jar:/home/daviestobialex/.m2/repository/org/springframework/security/spring-security-crypto/5.4.9/spring-security-crypto-5.4.9.jar:/home/daviestobialex/.m2/repository/org/springframework/cloud/spring-cloud-commons/3.0.0-RC1/spring-cloud-commons-3.0.0-RC1.jar:/home/daviestobialex/.m2/repository/org/springframework/security/spring-security-rsa/1.0.9.RELEASE/spring-security-rsa-1.0.9.RELEASE.jar:/home/daviestobialex/.m2/repository/org/bouncycastle/bcpkix-jdk15on/1.64/bcpkix-jdk15on-1.64.jar:/home/daviestobialex/.m2/repository/org/bouncycastle/bcprov-jdk15on/1.64/bcprov-jdk15on-1.64.jar:/home/daviestobialex/.m2/repository/org/springframework/cloud/spring-cloud-gateway-server/3.0.0-RC1/spring-cloud-gateway-server-3.0.0-RC1.jar:/home/daviestobialex/.m2/repository/io/projectreactor/addons/reactor-extra/3.4.5/reactor-extra-3.4.5.jar:/home/daviestobialex/.m2/repository/org/springframework/boot/spring-boot-configuration-processor/2.4.13/spring-boot-configuration-processor-2.4.13.jar:/home/daviestobialex/.m2/repository/org/springframework/boot/spring-boot-starter-webflux/2.4.13/spring-boot-starter-webflux-2.4.13.jar:/home/daviestobialex/.m2/repository/org/springframework/boot/spring-boot-starter-json/2.4.13/spring-boot-starter-json-2.4.13.jar:/home/daviestobialex/.m2/repository/com/fasterxml/jackson/core/jackson-databind/2.11.4/jackson-databind-2.11.4.jar:/home/daviestobialex/.m2/repository/com/fasterxml/jackson/core/jackson-core/2.11.4/jackson-core-2.11.4.jar:/home/daviestobialex/.m2/repository/com/fasterxml/jackson/datatype/jackson-datatype-jdk8/2.11.4/jackson-datatype-jdk8-2.11.4.jar:/home/daviestobialex/.m2/repository/com/fasterxml/jackson/datatype/jackson-datatype-jsr310/2.11.4/jackson-datatype-jsr310-2.11.4.jar:/home/daviestobialex/.m2/repository/com/fasterxml/jackson/module/jackson-module-parameter-names/2.11.4/jackson-module-parameter-names-2.11.4.jar:/home/daviestobialex/.m2/repository/org/springframework/boot/spring-boot-starter-reactor-netty/2.4.13/spring-boot-starter-reactor-netty-2.4.13.jar:/home/daviestobialex/.m2/repository/io/projectreactor/netty/reactor-netty-http/1.0.13/reactor-netty-http-1.0.13.jar:/home/daviestobialex/.m2/repository/io/netty/netty-codec-http/4.1.70.Final/netty-codec-http-4.1.70.Final.jar:/home/daviestobialex/.m2/repository/io/netty/netty-common/4.1.70.Final/netty-common-4.1.70.Final.jar:/home/daviestobialex/.m2/repository/io/netty/netty-buffer/4.1.70.Final/netty-buffer-4.1.70.Final.jar:/home/daviestobialex/.m2/repository/io/netty/netty-transport/4.1.70.Final/netty-transport-4.1.70.Final.jar:/home/daviestobialex/.m2/repository/io/netty/netty-codec/4.1.70.Final/netty-codec-4.1.70.Final.jar:/home/daviestobialex/.m2/repository/io/netty/netty-handler/4.1.70.Final/netty-handler-4.1.70.Final.jar:/home/daviestobialex/.m2/repository/io/netty/netty-codec-http2/4.1.70.Final/netty-codec-http2-4.1.70.Final.jar:/home/daviestobialex/.m2/repository/io/netty/netty-resolver-dns/4.1.70.Final/netty-resolver-dns-4.1.70.Final.jar:/home/daviestobialex/.m2/repository/io/netty/netty-resolver/4.1.70.Final/netty-resolver-4.1.70.Final.jar:/home/daviestobialex/.m2/repository/io/netty/netty-codec-dns/4.1.70.Final/netty-codec-dns-4.1.70.Final.jar:/home/daviestobialex/.m2/repository/io/netty/netty-resolver-dns-native-macos/4.1.70.Final/netty-resolver-dns-native-macos-4.1.70.Final-osx-x86_64.jar:/home/daviestobialex/.m2/repository/io/netty/netty-resolver-dns-classes-macos/4.1.70.Final/netty-resolver-dns-classes-macos-4.1.70.Final.jar:/home/daviestobialex/.m2/repository/io/netty/netty-transport-native-epoll/4.1.70.Final/netty-transport-native-epoll-4.1.70.Final-linux-x86_64.jar:/home/daviestobialex/.m2/repository/io/netty/netty-transport-native-unix-common/4.1.70.Final/netty-transport-native-unix-common-4.1.70.Final.jar:/home/daviestobialex/.m2/repository/io/netty/netty-transport-classes-epoll/4.1.70.Final/netty-transport-classes-epoll-4.1.70.Final.jar:/home/daviestobialex/.m2/repository/io/projectreactor/netty/reactor-netty-core/1.0.13/reactor-netty-core-1.0.13.jar:/home/daviestobialex/.m2/repository/io/netty/netty-handler-proxy/4.1.70.Final/netty-handler-proxy-4.1.70.Final.jar:/home/daviestobialex/.m2/repository/io/netty/netty-codec-socks/4.1.70.Final/netty-codec-socks-4.1.70.Final.jar:/home/daviestobialex/.m2/repository/org/springframework/spring-web/5.3.13/spring-web-5.3.13.jar:/home/daviestobialex/.m2/repository/org/springframework/spring-webflux/5.3.13/spring-webflux-5.3.13.jar:/home/daviestobialex/.m2/repository/io/projectreactor/reactor-core/3.4.12/reactor-core-3.4.12.jar:/home/daviestobialex/.m2/repository/org/reactivestreams/reactive-streams/1.0.3/reactive-streams-1.0.3.jar:/home/daviestobialex/.m2/repository/org/springframework/boot/spring-boot-starter-test/2.4.13/spring-boot-starter-test-2.4.13.jar:/home/daviestobialex/.m2/repository/org/springframework/boot/spring-boot-test/2.4.13/spring-boot-test-2.4.13.jar:/home/daviestobialex/.m2/repository/org/springframework/boot/spring-boot-test-autoconfigure/2.4.13/spring-boot-test-autoconfigure-2.4.13.jar:/home/daviestobialex/.m2/repository/com/jayway/jsonpath/json-path/2.4.0/json-path-2.4.0.jar:/home/daviestobialex/.m2/repository/net/minidev/json-smart/2.3.1/json-smart-2.3.1.jar:/home/daviestobialex/.m2/repository/net/minidev/accessors-smart/2.3.1/accessors-smart-2.3.1.jar:/home/daviestobialex/.m2/repository/org/ow2/asm/asm/5.0.4/asm-5.0.4.jar:/home/daviestobialex/.m2/repository/jakarta/xml/bind/jakarta.xml.bind-api/2.3.3/jakarta.xml.bind-api-2.3.3.jar:/home/daviestobialex/.m2/repository/jakarta/activation/jakarta.activation-api/1.2.2/jakarta.activation-api-1.2.2.jar:/home/daviestobialex/.m2/repository/org/assertj/assertj-core/3.18.1/assertj-core-3.18.1.jar:/home/daviestobialex/.m2/repository/org/hamcrest/hamcrest/2.2/hamcrest-2.2.jar:/home/daviestobialex/.m2/repository/org/junit/jupiter/junit-jupiter/5.7.2/junit-jupiter-5.7.2.jar:/home/daviestobialex/.m2/repository/org/junit/jupiter/junit-jupiter-api/5.7.2/junit-jupiter-api-5.7.2.jar:/home/daviestobialex/.m2/repository/org/apiguardian/apiguardian-api/1.1.0/apiguardian-api-1.1.0.jar:/home/daviestobialex/.m2/repository/org/opentest4j/opentest4j/1.2.0/opentest4j-1.2.0.jar:/home/daviestobialex/.m2/repository/org/junit/platform/junit-platform-commons/1.7.2/junit-platform-commons-1.7.2.jar:/home/daviestobialex/.m2/repository/org/junit/jupiter/junit-jupiter-params/5.7.2/junit-jupiter-params-5.7.2.jar:/home/daviestobialex/.m2/repository/org/junit/jupiter/junit-jupiter-engine/5.7.2/junit-jupiter-engine-5.7.2.jar:/home/daviestobialex/.m2/repository/org/junit/platform/junit-platform-engine/1.7.2/junit-platform-engine-1.7.2.jar:/home/daviestobialex/.m2/repository/org/mockito/mockito-core/3.6.28/mockito-core-3.6.28.jar:/home/daviestobialex/.m2/repository/net/bytebuddy/byte-buddy/1.10.22/byte-buddy-1.10.22.jar:/home/daviestobialex/.m2/repository/net/bytebuddy/byte-buddy-agent/1.10.22/byte-buddy-agent-1.10.22.jar:/home/daviestobialex/.m2/repository/org/objenesis/objenesis/3.1/objenesis-3.1.jar:/home/daviestobialex/.m2/repository/org/mockito/mockito-junit-jupiter/3.6.28/mockito-junit-jupiter-3.6.28.jar:/home/daviestobialex/.m2/repository/org/skyscreamer/jsonassert/1.5.0/jsonassert-1.5.0.jar:/home/daviestobialex/.m2/repository/com/vaadin/external/google/android-json/0.0.20131108.vaadin1/android-json-0.0.20131108.vaadin1.jar:/home/daviestobialex/.m2/repository/org/springframework/spring-core/5.3.13/spring-core-5.3.13.jar:/home/daviestobialex/.m2/repository/org/springframework/spring-jcl/5.3.13/spring-jcl-5.3.13.jar:/home/daviestobialex/.m2/repository/org/springframework/spring-test/5.3.13/spring-test-5.3.13.jar:/home/daviestobialex/.m2/repository/org/xmlunit/xmlunit-core/2.7.0/xmlunit-core-2.7.0.jar:"/>
    <property name="sun.cpu.endian" value="little"/>
    <property name="user.home" value="/home/daviestobialex"/>
    <property name="user.language" value="en"/>
    <property name="java.specification.vendor" value="Oracle Corporation"/>
    <property name="java.version.date" value="2020-07-14"/>
    <property name="java.home" value="/usr/lib/jvm/jdk-11.0.8"/>
    <property name="file.separator" value="/"/>
    <property name="basedir" value="/home/daviestobialex/Documents/activeedge /gateway-ms"/>
    <property name="java.vm.compressedOopsMode" value="Zero based"/>
    <property name="line.separator" value="&#10;"/>
    <property name="java.specification.name" value="Java Platform API Specification"/>
    <property name="java.vm.specification.vendor" value="Oracle Corporation"/>
    <property name="java.awt.graphicsenv" value="sun.awt.X11GraphicsEnvironment"/>
    <property name="surefire.real.class.path" value="/home/daviestobialex/Documents/activeedge /gateway-ms/target/surefire/surefirebooter1634180850514442328.jar"/>
    <property name="sun.management.compiler" value="HotSpot 64-Bit Tiered Compilers"/>
    <property name="java.runtime.version" value="11.0.8+10-LTS"/>
    <property name="user.name" value="daviestobialex"/>
    <property name="path.separator" value=":"/>
    <property name="os.version" value="5.4.0-100-generic"/>
    <property name="java.runtime.name" value="Java(TM) SE Runtime Environment"/>
    <property name="file.encoding" value="UTF-8"/>
    <property name="java.vm.name" value="Java HotSpot(TM) 64-Bit Server VM"/>
    <property name="java.vendor.version" value="18.9"/>
    <property name="maven.ext.class.path" value="/home/daviestobialex/netbeans-13/netbeans/java/maven-nblib/netbeans-eventspy.jar"/>
    <property name="localRepository" value="/home/daviestobialex/.m2/repository"/>
    <property name="java.vendor.url.bug" value="https://bugreport.java.com/bugreport/"/>
    <property name="java.io.tmpdir" value="/tmp"/>
    <property name="java.version" value="11.0.8"/>
    <property name="user.dir" value="/home/daviestobialex/Documents/activeedge /gateway-ms"/>
    <property name="os.arch" value="amd64"/>
    <property name="java.vm.specification.name" value="Java Virtual Machine Specification"/>
    <property name="java.awt.printerjob" value="sun.print.PSPrinterJob"/>
    <property name="sun.os.patch.level" value="unknown"/>
    <property name="java.library.path" value="/usr/java/packages/lib:/usr/lib64:/lib64:/lib:/usr/lib"/>
    <property name="java.vendor" value="Oracle Corporation"/>
    <property name="java.vm.info" value="mixed mode"/>
    <property name="java.vm.version" value="11.0.8+10-LTS"/>
    <property name="sun.io.unicode.encoding" value="UnicodeLittle"/>
    <property name="java.class.version" value="55.0"/>
  </properties>
  <testcase name="contextLoads" classname="com.example.BasicApplicationTests" time="0.285"/>
</testsuite>